** Daemonized, any open files are closed.  Look at log/mongrel.pid and log/mongrel.log for info.
** Starting Mongrel listening at 0.0.0.0:12005
** Starting Rails with production environment...
** Rails loaded.
** Loading any Rails specific GemPlugins
** Signals ready.  TERM => stop.  USR2 => restart.  INT => stop (no restart).
** Rails signals registered.  HUP => reload (without restart).  It might not work well.
** Mongrel 1.1.5 available at 0.0.0.0:12005
** Writing PID file to log/mongrel.pid
** TERM signal received.
** Daemonized, any open files are closed.  Look at log/mongrel.pid and log/mongrel.log for info.
** Starting Mongrel listening at 0.0.0.0:12005
** Starting Rails with production environment...
/usr/lib/ruby/site_ruby/1.8/rubygems/custom_require.rb:31:in `gem_original_require': no such file to load -- feed_tools (MissingSourceFile)
	from /usr/lib/ruby/site_ruby/1.8/rubygems/custom_require.rb:31:in `require'
	from /usr/lib/ruby/gems/1.8/gems/activesupport-2.3.3/lib/active_support/dependencies.rb:158:in `require'
	from /home/mt/etc/rails_apps/mt/app/models/cached_feed.rb:1
	from /usr/lib/ruby/site_ruby/1.8/rubygems/custom_require.rb:31:in `gem_original_require'
	from /usr/lib/ruby/site_ruby/1.8/rubygems/custom_require.rb:31:in `require'
	from /usr/lib/ruby/gems/1.8/gems/activesupport-2.3.3/lib/active_support/dependencies.rb:158:in `require'
	from /usr/lib/ruby/gems/1.8/gems/activesupport-2.3.3/lib/active_support/dependencies.rb:265:in `require_or_load'
	from /usr/lib/ruby/gems/1.8/gems/activesupport-2.3.3/lib/active_support/dependencies.rb:224:in `depend_on'
	 ... 21 levels...
	from /usr/lib/ruby/gems/1.8/gems/mongrel-1.1.5/bin/../lib/mongrel/command.rb:212:in `run'
	from /usr/lib/ruby/gems/1.8/gems/mongrel-1.1.5/bin/mongrel_rails:281
	from /usr/bin/mongrel_rails:19:in `load'
	from /usr/bin/mongrel_rails:19
** Daemonized, any open files are closed.  Look at log/mongrel.pid and log/mongrel.log for info.
** Starting Mongrel listening at 0.0.0.0:12005
** Starting Rails with production environment...
/usr/lib/ruby/site_ruby/1.8/rubygems/custom_require.rb:31:in `gem_original_require': no such file to load -- feed_tools (MissingSourceFile)
	from /usr/lib/ruby/site_ruby/1.8/rubygems/custom_require.rb:31:in `require'
	from /usr/lib/ruby/gems/1.8/gems/activesupport-2.3.3/lib/active_support/dependencies.rb:158:in `require'
	from /home/mt/etc/rails_apps/mt/app/models/cached_feed.rb:1
	from /usr/lib/ruby/site_ruby/1.8/rubygems/custom_require.rb:31:in `gem_original_require'
	from /usr/lib/ruby/site_ruby/1.8/rubygems/custom_require.rb:31:in `require'
	from /usr/lib/ruby/gems/1.8/gems/activesupport-2.3.3/lib/active_support/dependencies.rb:158:in `require'
	from /usr/lib/ruby/gems/1.8/gems/activesupport-2.3.3/lib/active_support/dependencies.rb:265:in `require_or_load'
	from /usr/lib/ruby/gems/1.8/gems/activesupport-2.3.3/lib/active_support/dependencies.rb:224:in `depend_on'
	 ... 21 levels...
	from /usr/lib/ruby/gems/1.8/gems/mongrel-1.1.5/bin/../lib/mongrel/command.rb:212:in `run'
	from /usr/lib/ruby/gems/1.8/gems/mongrel-1.1.5/bin/mongrel_rails:281
	from /usr/bin/mongrel_rails:19:in `load'
	from /usr/bin/mongrel_rails:19
** Daemonized, any open files are closed.  Look at log/mongrel.pid and log/mongrel.log for info.
** Starting Mongrel listening at 0.0.0.0:12005
** Starting Rails with production environment...
/usr/lib/ruby/site_ruby/1.8/rubygems/custom_require.rb:31:in `gem_original_require': no such file to load -- feed_tools (MissingSourceFile)
	from /usr/lib/ruby/site_ruby/1.8/rubygems/custom_require.rb:31:in `require'
	from /usr/lib/ruby/gems/1.8/gems/activesupport-2.3.3/lib/active_support/dependencies.rb:158:in `require'
	from /home/mt/etc/rails_apps/mt/app/controllers/portal_controller.rb:1
	from /usr/lib/ruby/site_ruby/1.8/rubygems/custom_require.rb:31:in `gem_original_require'
	from /usr/lib/ruby/site_ruby/1.8/rubygems/custom_require.rb:31:in `require'
	from /usr/lib/ruby/gems/1.8/gems/activesupport-2.3.3/lib/active_support/dependencies.rb:158:in `require'
	from /usr/lib/ruby/gems/1.8/gems/activesupport-2.3.3/lib/active_support/dependencies.rb:265:in `require_or_load'
	from /usr/lib/ruby/gems/1.8/gems/activesupport-2.3.3/lib/active_support/dependencies.rb:224:in `depend_on'
	 ... 21 levels...
	from /usr/lib/ruby/gems/1.8/gems/mongrel-1.1.5/bin/../lib/mongrel/command.rb:212:in `run'
	from /usr/lib/ruby/gems/1.8/gems/mongrel-1.1.5/bin/mongrel_rails:281
	from /usr/bin/mongrel_rails:19:in `load'
	from /usr/bin/mongrel_rails:19
